c:\users\pop\source\repos\lab4oop\lab4oop\debug\vc141.pdb
c:\users\pop\source\repos\lab4oop\lab4oop\debug\vc141.idb
c:\users\pop\source\repos\lab4oop\lab4oop\debug\validator.obj
c:\users\pop\source\repos\lab4oop\lab4oop\debug\ui.obj
c:\users\pop\source\repos\lab4oop\lab4oop\debug\tests.obj
c:\users\pop\source\repos\lab4oop\lab4oop\debug\repository.obj
c:\users\pop\source\repos\lab4oop\lab4oop\debug\main.obj
c:\users\pop\source\repos\lab4oop\lab4oop\debug\file.obj
c:\users\pop\source\repos\lab4oop\lab4oop\debug\exceptions.obj
c:\users\pop\source\repos\lab4oop\lab4oop\debug\evidence.obj
c:\users\pop\source\repos\lab4oop\lab4oop\debug\controler.obj
c:\users\pop\source\repos\lab4oop\debug\lab4oop.exe
c:\users\pop\source\repos\lab4oop\debug\lab4oop.ilk
c:\users\pop\source\repos\lab4oop\debug\lab4oop.pdb
c:\users\pop\source\repos\lab4oop\lab4oop\debug\lab4oop.tlog\cl.command.1.tlog
c:\users\pop\source\repos\lab4oop\lab4oop\debug\lab4oop.tlog\cl.read.1.tlog
c:\users\pop\source\repos\lab4oop\lab4oop\debug\lab4oop.tlog\cl.write.1.tlog
c:\users\pop\source\repos\lab4oop\lab4oop\debug\lab4oop.tlog\link.command.1.tlog
c:\users\pop\source\repos\lab4oop\lab4oop\debug\lab4oop.tlog\link.read.1.tlog
c:\users\pop\source\repos\lab4oop\lab4oop\debug\lab4oop.tlog\link.write.1.tlog
